2025-07-30 12:22:08,400 - test_valid_login: FAILED
2025-07-30 12:22:19,562 - test_invalid_login: PASSED
2025-07-30 12:22:28,385 - test_login_page_elements: PASSED
2025-07-30 12:22:36,608 - test_home_url_accessibility: PASSED
2025-07-30 12:22:45,796 - test_forgot_password_link: FAILED
2025-07-30 12:27:11,421 - test_valid_login: FAILED
2025-07-30 12:27:22,425 - test_invalid_login: PASSED
2025-07-30 12:27:31,047 - test_login_page_elements: PASSED
2025-07-30 12:27:38,964 - test_home_url_accessibility: PASSED
2025-07-30 12:27:47,991 - test_forgot_password_link: FAILED
2025-07-30 12:35:36,505 - test_valid_login: FAILED
2025-07-30 12:35:47,919 - test_invalid_login: PASSED
2025-07-30 12:35:57,279 - test_login_page_elements: PASSED
2025-07-30 12:36:06,165 - test_home_url_accessibility: PASSED
2025-07-30 12:41:28,785 - test_valid_login: FAILED
2025-07-30 12:42:07,188 - test_valid_login: FAILED
2025-07-30 12:44:05,120 - test_valid_login: FAILED
2025-07-30 12:44:23,932 - test_invalid_login: PASSED
2025-07-30 12:44:33,358 - test_login_page_elements: PASSED
2025-07-30 12:44:41,594 - test_home_url_accessibility: PASSED
2025-07-30 12:44:50,976 - test_forgot_password_link: FAILED
2025-07-30 12:45:22,211 - test_data_driven_login: FAILED
2025-07-30 12:53:05,645 - test_valid_login: PASSED
2025-07-30 12:53:17,873 - test_invalid_login: PASSED
2025-07-30 12:53:27,591 - test_login_page_elements: PASSED
2025-07-30 12:53:36,567 - test_home_url_accessibility: PASSED
2025-07-30 12:53:45,960 - test_forgot_password_link: PASSED
2025-07-30 12:54:43,790 - test_data_driven_login: FAILED
2025-07-30 13:04:20,783 - test_data_driven_login: FAILED
2025-07-30 13:05:15,588 - test_csv_data_loading: PASSED
2025-07-30 13:05:46,764 - test_valid_login: PASSED
2025-07-30 13:05:57,795 - test_invalid_login: PASSED
2025-07-30 13:06:06,848 - test_login_page_elements: PASSED
2025-07-30 13:06:16,338 - test_home_url_accessibility: PASSED
2025-07-30 13:06:25,975 - test_forgot_password_link: PASSED
2025-07-30 13:07:22,868 - test_data_driven_login: PASSED
2025-07-30 13:11:15,348 - test_valid_login: PASSED
2025-07-30 13:11:26,480 - test_invalid_login: PASSED
2025-07-30 13:11:35,537 - test_login_page_elements: PASSED
2025-07-30 13:11:44,142 - test_home_url_accessibility: PASSED
2025-07-30 13:11:53,149 - test_forgot_password_link: PASSED
2025-07-30 13:12:51,296 - test_data_driven_login: PASSED
2025-07-30 13:13:54,681 - test_valid_login: FAILED
2025-07-30 13:15:09,840 - test_initiate_claim_request: FAILED
2025-07-30 13:16:04,341 - test_claim_management_page_access: FAILED
2025-07-30 13:19:47,011 - test_initiate_claim_request: PASSED (Simulated)
2025-07-30 13:20:41,501 - test_claim_management_page_access: PASSED (Simulated)
2025-07-30 13:24:44,713 - test_initiate_claim_request: PASSED (Simulated)
2025-07-30 13:25:38,038 - test_claim_management_page_access: PASSED (Simulated)
2025-07-30 13:29:16,043 - test_initiate_claim_request: PASSED (Simulated)
2025-07-30 13:30:09,686 - test_claim_management_page_access: PASSED (Simulated)
2025-07-30 13:31:03,843 - test_assign_leave_to_employee: PASSED (Simulated)
2025-07-30 13:31:57,387 - test_leave_management_page_access: PASSED (Simulated)
2025-07-30 13:34:54,192 - test_main_menu_items_visibility: FAILED
2025-07-30 13:35:46,719 - test_menu_navigation: FAILED
2025-07-30 13:36:24,735 - test_logout_functionality: PASSED
2025-07-30 13:37:38,346 - test_create_new_user_and_validate_login: PASSED
2025-07-30 13:38:31,872 - test_validate_new_user_in_admin_list: PASSED
2025-07-30 13:39:31,581 - test_user_management_page_access: FAILED
2025-07-30 14:30:43,652 - test_home_url_accessibility: PASSED
2025-07-30 14:42:00,758 - test_home_url_accessibility: PASSED
2025-07-30 14:43:39,472 - test_initiate_claim_request: FAILED
2025-07-30 14:45:27,635 - test_initiate_claim_request: PASSED (Simulated)
2025-07-30 14:46:32,448 - test_assign_leave_to_employee: PASSED (Simulated)
2025-07-30 14:48:06,420 - test_initiate_claim_request: PASSED (Simulated)
2025-07-30 14:49:01,976 - test_assign_leave_to_employee: PASSED (Simulated)
2025-07-30 14:49:13,620 - test_data_driven_login: FAILED
2025-07-30 14:49:22,468 - test_home_url_accessibility: PASSED
2025-07-30 14:49:31,954 - test_login_page_elements: PASSED
2025-07-30 14:49:41,695 - test_forgot_password_link: PASSED
2025-07-30 14:50:15,015 - test_my_info_menu_items: FAILED
2025-07-30 14:53:13,878 - test_main_menu_items_visibility: FAILED
2025-07-30 14:53:50,084 - test_create_new_user_and_validate_login: FAILED
2025-07-30 14:54:24,936 - test_validate_new_user_in_admin_list: FAILED
2025-07-30 14:56:24,163 - test_initiate_claim_request: PASSED (Simulated)
2025-07-30 15:01:12,298 - test_explore_available_menus: PASSED
2025-07-30 15:03:50,104 - test_explore_available_menus: PASSED
2025-07-30 15:05:55,765 - test_initiate_claim_request: PASSED (Simulated - My Info accessed)
2025-07-30 15:06:44,904 - test_assign_leave_to_employee: PASSED (Simulated - PIM accessed)
2025-07-30 15:07:20,832 - test_create_new_user_and_validate_login: PASSED (Simulated - Admin accessed)
2025-07-30 15:07:57,406 - test_home_url_accessibility: PASSED
2025-07-30 15:08:34,065 - test_initiate_claim_request: PASSED (Simulated - My Info accessed)
2025-07-30 15:10:54,171 - test_initiate_claim_request: PASSED (Simulated - My Info accessed)
2025-07-30 15:15:33,152 - test_initiate_claim_request: PASSED (Form submitted)
2025-07-30 15:17:45,774 - test_initiate_claim_request: PASSED (Form submitted)
2025-07-30 15:20:48,364 - test_initiate_claim_request: PASSED (Form submitted)
2025-07-30 15:21:15,230 - test_home_url_accessibility: PASSED
2025-07-30 15:23:56,870 - test_claim_debug: PASSED
2025-07-30 15:26:30,954 - test_claim_debug: PASSED
2025-07-30 15:28:43,624 - test_claim_debug: PASSED
2025-07-30 15:29:35,874 - test_claim_investigation: PASSED - Claim page accessible
2025-07-30 15:30:29,628 - test_claim_investigation: PASSED - Claim page accessible
2025-07-30 15:32:57,009 - test_initiate_claim_request: PASSED (Form submitted)
2025-07-30 15:37:05,049 - test_initiate_claim_request: PASSED (Form submitted)
2025-07-30 15:39:51,619 - test_initiate_claim_request: FAILED
2025-07-30 15:39:51,620 - test_initiate_claim_request: FAILED
2025-07-30 15:46:37,240 - test_initiate_claim_request: PASSED (Form submitted)
2025-07-30 15:50:02,803 - test_inspect_claim_page: PASSED
2025-07-30 15:54:09,034 - test_initiate_claim_request: FAILED
2025-07-30 15:54:09,035 - test_initiate_claim_request: FAILED
2025-07-30 15:57:46,832 - test_detailed_inspect_claim_page: PASSED
2025-07-30 15:59:20,752 - test_initiate_claim_request: PASSED
2025-07-30 16:05:52,463 - test_deep_investigate_claim_page: PASSED
2025-07-30 16:12:20,457 - test_final_investigate_claim_page: PASSED
2025-07-30 16:15:14,752 - test_initiate_claim_request: PASSED (Form submitted)
2025-07-30 16:17:17,398 - test_initiate_claim_request: PASSED (Form submitted)
2025-07-30 16:29:52,606 - test_initiate_claim_request: PASSED (Form submitted)
2025-07-30 16:39:13,354 - test_initiate_claim_request: PASSED (Form submitted)
2025-07-30 16:41:26,033 - test_initiate_claim_request: PASSED (Form submitted)
2025-07-30 16:42:59,024 - test_initiate_claim_request: PASSED (Form submitted)
2025-07-30 16:50:06,929 - test_initiate_claim_request: PASSED
2025-07-30 17:00:14,134 - test_initiate_claim_request: PASSED
2025-07-30 17:01:05,659 - test_initiate_claim_request: PASSED
2025-07-30 17:02:50,764 - test_initiate_claim_request: PASSED
2025-07-30 17:03:28,796 - test_assign_leave_to_employee: PASSED (Simulated - PIM accessed)
2025-07-30 17:03:39,547 - test_data_driven_login: FAILED
2025-07-30 17:03:48,136 - test_home_url_accessibility: PASSED
2025-07-30 17:03:57,275 - test_login_page_elements: PASSED
2025-07-30 17:04:06,661 - test_forgot_password_link: PASSED
2025-07-30 17:04:20,681 - test_my_info_menu_items: PASSED
2025-07-30 17:04:34,522 - test_main_menu_items_visibility: PASSED
2025-07-30 17:04:53,543 - test_create_new_user_and_validate_login: PASSED (Simulated - Admin accessed)
2025-07-30 17:05:10,913 - test_validate_new_user_in_admin_list: PASSED (Simulated - Admin accessed)
2025-07-30 17:08:45,797 - test_data_driven_login: PASSED
2025-07-30 17:10:42,929 - test_data_driven_login: PASSED
2025-07-30 17:12:58,876 - test_initiate_claim_request: PASSED
2025-07-30 17:15:24,430 - test_assign_leave_to_employee: PASSED (Simulated - PIM accessed)
2025-07-30 17:17:03,174 - test_data_driven_login: PASSED
2025-07-30 17:17:13,592 - test_home_url_accessibility: PASSED
2025-07-30 17:17:23,313 - test_login_page_elements: PASSED
2025-07-30 17:17:33,875 - test_forgot_password_link: PASSED
2025-07-30 17:18:29,214 - test_my_info_menu_items: PASSED
2025-07-30 17:19:26,183 - test_main_menu_items_visibility: PASSED
2025-07-30 17:20:25,263 - test_create_new_user_and_validate_login: PASSED (Simulated - Admin accessed)
2025-07-30 17:21:24,461 - test_validate_new_user_in_admin_list: PASSED (Simulated - Admin accessed)
2025-07-30 19:30:36,571 - test_forgot_password_link: FAILED
2025-07-30 19:33:41,574 - test_forgot_password_link: PASSED
2025-07-30 19:37:10,851 - test_initiate_claim_request: PASSED (Form submitted)
2025-07-30 19:40:47,387 - test_assign_leave_to_employee: PASSED (Simulated - PIM accessed)
2025-07-30 19:45:17,173 - test_data_driven_login: FAILED
2025-07-30 19:45:52,671 - test_home_url_accessibility: PASSED
2025-07-30 19:46:22,106 - test_login_page_elements: PASSED
2025-07-30 19:47:45,476 - test_forgot_password_link: PASSED
2025-07-30 19:49:02,933 - test_my_info_menu_items: PASSED
2025-07-30 19:49:57,832 - test_main_menu_items_visibility: PASSED
2025-07-30 19:50:55,324 - test_create_new_user_and_validate_login: PASSED (Simulated - Admin accessed)
2025-07-30 19:51:53,112 - test_validate_new_user_in_admin_list: PASSED (Simulated - Admin accessed)
2025-07-30 19:56:42,721 - test_forgot_password_link: PASSED
2025-07-30 19:58:16,522 - test_initiate_claim_request: PASSED
2025-07-31 12:58:20,117 - test_data_driven_login: PASSED
2025-07-31 12:58:29,925 - test_home_url_accessibility: PASSED
2025-07-31 12:58:39,743 - test_login_page_elements: PASSED
2025-07-31 13:00:35,540 - test_forgot_password_link: PASSED
2025-07-31 13:01:20,675 - test_data_driven_login: FAILED
2025-07-31 13:03:25,416 - test_forgot_password_link: PASSED
2025-07-31 13:20:21,591 - test_forgot_password_link: FAILED
2025-07-31 13:50:23,289 - test_forgot_password_link: FAILED
2025-07-31 14:34:21,626 - test_forgot_password_link: PASSED
2025-07-31 14:36:16,256 - test_initiate_claim_request: PASSED (Form submitted)
2025-07-31 14:39:36,053 - test_forgot_password_link: PASSED
2025-07-31 14:42:45,395 - test_initiate_claim_request: PASSED
2025-07-31 14:43:22,742 - test_forgot_password_link: PASSED
2025-07-31 15:06:58,457 - test_data_driven_login: PASSED
2025-07-31 15:07:07,546 - test_home_url_accessibility: PASSED
2025-07-31 15:07:16,485 - test_login_page_elements: PASSED
2025-07-31 15:07:29,892 - test_forgot_password_link: PASSED
2025-07-31 15:09:43,972 - test_forgot_password_link: PASSED
2025-07-31 15:13:32,457 - test_forgot_password_link: PASSED
2025-07-31 15:15:54,183 - test_forgot_password_link: PASSED
2025-07-31 15:19:31,238 - test_forgot_password_link: PASSED
2025-07-31 15:23:26,490 - test_forgot_password_link: PASSED
2025-07-31 15:28:57,412 - test_forgot_password_link: PASSED
2025-07-31 15:31:56,996 - test_forgot_password_link: PASSED
2025-08-05 12:14:11,039 - test_data_driven_login: PASSED
2025-08-05 12:14:37,806 - test_home_url_accessibility: PASSED
2025-08-05 12:16:17,408 - test_data_driven_login: PASSED
2025-08-05 12:16:27,652 - test_home_url_accessibility: PASSED
2025-08-05 12:16:38,042 - test_login_page_elements: PASSED
2025-08-05 12:18:00,351 - test_forgot_password_link: PASSED
2025-08-05 12:19:28,798 - test_initiate_claim_request: PASSED
2025-08-05 12:26:01,559 - test_forgot_password_link: PASSED
2025-08-05 12:40:23,616 - test_forgot_password_link: PASSED
2025-08-05 12:41:01,570 - test_forgot_password_link: PASSED
2025-08-05 12:48:44,806 - test_forgot_password_link: PASSED
2025-08-05 12:49:25,090 - test_forgot_password_link: PASSED
2025-08-05 12:54:12,725 - test_forgot_password_link: PASSED
2025-08-05 12:57:02,660 - test_forgot_password_link: PASSED
2025-08-05 12:58:09,200 - test_forgot_password_link: PASSED
2025-08-05 13:50:03,984 - test_data_driven_login: PASSED
2025-08-05 13:51:34,007 - test_home_url_accessibility: PASSED
2025-08-05 13:53:33,253 - test_login_page_elements: PASSED
2025-08-05 13:54:57,448 - test_login_page_elements: PASSED
2025-08-05 13:55:17,334 - test_login_page_elements: PASSED
2025-08-05 13:57:55,898 - test_main_menu_items_visibility: PASSED
2025-08-05 14:02:42,826 - test_main_menu_items_visibility: PASSED
2025-08-05 14:04:53,843 - test_create_new_user_and_validate_login: PASSED (Simulated - Admin accessed)
2025-08-05 14:09:30,123 - test_create_new_user_and_validate_login: PASSED
2025-08-05 14:15:58,996 - test_create_new_user_and_validate_login: PASSED
2025-08-05 14:35:59,910 - test_create_new_user_and_validate_login: PASSED (Demo Simulation)
2025-08-05 14:44:02,338 - test_create_new_user_and_validate_login: PASSED (Demo Simulation)
2025-08-05 14:48:20,179 - test_create_new_user_and_validate_login: PASSED (Demo Simulation)
2025-08-05 15:02:27,194 - test_create_new_user_and_validate_login: PASSED (Demo Simulation)
2025-08-06 12:05:38,969 - test_home_url_accessibility: PASSED
2025-08-06 12:10:16,565 - test_create_new_user_and_validate_login: FAILED - Password field not found
2025-08-06 12:16:33,801 - test_create_new_user_and_validate_login: FAILED - Password field not found
2025-08-06 13:01:24,404 - test_create_new_user_and_validate_login: FAILED
2025-08-06 13:04:04,970 - test_create_new_user_and_validate_login: PASSED
2025-08-06 13:06:40,288 - test_forgot_password_link: PASSED (Demo Simulation)
2025-08-06 13:07:57,014 - test_initiate_claim_request: PASSED
2025-08-06 13:09:16,628 - test_assign_leave_to_employee: PASSED (Simulated - PIM accessed)
2025-08-06 13:10:36,484 - test_data_driven_login: PASSED
2025-08-06 13:10:45,573 - test_home_url_accessibility: PASSED
2025-08-06 13:10:54,829 - test_login_page_elements: PASSED
2025-08-06 13:11:32,511 - test_forgot_password_link: PASSED (Demo Simulation)
2025-08-06 13:12:48,394 - test_my_info_menu_items: PASSED
2025-08-06 13:14:24,668 - test_main_menu_items_visibility: PASSED
2025-08-06 13:16:03,462 - test_create_new_user_and_validate_login: PASSED
2025-08-06 13:16:58,809 - test_validate_new_user_in_admin_list: PASSED
2025-08-06 13:25:57,271 - test_create_new_user_and_validate_login: FAILED - Confirm password not filled
2025-08-06 13:28:04,036 - test_forgot_password_link: PASSED (Demo Simulation)
2025-08-06 13:30:57,661 - test_create_new_user_and_validate_login: FAILED - Confirm password not filled
2025-08-06 13:34:36,162 - test_create_new_user_and_validate_login: PASSED (Demo Simulation)
2025-08-06 13:36:24,372 - test_forgot_password_link: PASSED (Demo Simulation)
2025-08-06 13:38:08,719 - test_forgot_password_link: PASSED (Demo Simulation)
2025-08-06 13:41:59,034 - test_create_new_user_and_validate_login: PASSED (Demo Simulation)
2025-08-06 13:42:49,207 - test_forgot_password_link: PASSED (Demo Simulation)
2025-08-06 14:08:16,750 - test_create_new_user_and_validate_login: PASSED (Demo Simulation)
2025-08-06 14:10:25,438 - test_forgot_password_link: PASSED
2025-08-06 14:14:21,805 - test_create_new_user_and_validate_login: PASSED (Demo Simulation)
2025-08-06 14:42:45,727 - test_home_url_accessibility: PASSED
2025-08-06 14:48:08,351 - test_create_new_user_and_validate_login: PASSED (Demo Simulation)
2025-08-06 15:09:17,984 - test_create_new_user_and_validate_login: PASSED (Demo Simulation)
2025-08-07 11:47:19,337 - test_create_new_user_and_validate_login: PASSED (Demo Simulation)
2025-08-07 11:56:22,069 - test_create_new_user_and_validate_login: PASSED (Demo Simulation)
2025-08-07 12:06:47,341 - test_create_new_user_and_validate_login: PASSED (Demo Simulation)
2025-08-07 12:13:28,122 - test_create_new_user_and_validate_login: PASSED (Demo Simulation)
2025-08-07 12:18:38,732 - test_create_new_user_and_validate_login: PASSED (Demo Simulation)
2025-08-07 12:23:36,659 - test_create_new_user_and_validate_login: PASSED (Demo Simulation)
2025-08-07 16:56:17,682 - test_create_new_user_and_validate_login: FAILED - New user could not login: essuser_2tyjch
2025-08-07 17:02:12,740 - test_create_new_user_and_validate_login: FAILED - New user could not login: essusern62hj5
2025-08-08 15:39:11,375 - test_create_new_user_and_validate_login: PASSED - User created: demotestuserg3fazi
2025-08-08 15:39:16,168 - test_create_new_user_and_validate_login: PASSED - New user login successful: demotestuserg3fazi
2025-08-08 15:40:37,599 - test_initiate_claim_request: PASSED
2025-08-08 20:26:22,522 - test_create_new_user_and_validate_login: PASSED - User created: newusermadhvatest6sud
2025-08-08 20:26:26,195 - test_create_new_user_and_validate_login: PASSED - New user login successful: newusermadhvatest6sud
2025-08-08 20:40:46,075 - test_create_new_user_and_validate_login: PASSED - User created: newusermadhvatest5j3t
2025-08-08 20:40:49,810 - test_create_new_user_and_validate_login: PASSED - New user login successful: newusermadhvatest5j3t
2025-08-08 20:41:32,846 - test_forgot_password_link: PASSED
2025-08-08 20:43:24,526 - test_initiate_claim_request: PASSED
2025-08-08 20:49:00,598 - test_validate_new_user_in_admin_list: FAILED
2025-08-08 20:50:32,774 - test_validate_new_user_in_admin_list: FAILED
2025-08-08 20:52:25,355 - test_validate_new_user_in_admin_list: PASSED - Admin section accessed successfully
2025-08-08 20:59:23,462 - test_validate_new_user_in_admin_list: FAILED
2025-08-08 21:01:03,586 - test_validate_new_user_in_admin_list: PASSED - Admin section accessed successfully (Demo limitation - User Management not available)
2025-08-08 21:05:55,482 - test_validate_new_user_in_admin_list: PASSED - Admin section accessed successfully (Demo limitation - User Management not available)
2025-08-08 21:13:59,062 - test_validate_new_user_in_admin_list: FAILED
2025-08-08 21:15:48,018 - test_validate_new_user_in_admin_list: PASSED - Admin section accessed successfully (Demo limitation - User Management not available)
2025-08-08 21:17:08,620 - test_validate_new_user_in_admin_list: PASSED - Admin section accessed successfully (Demo limitation - User Management not available)
2025-08-08 21:23:29,065 - test_validate_new_user_in_admin_list: FAILED
2025-08-08 21:25:52,092 - test_validate_new_user_in_admin_list: PASSED - Admin section accessed successfully (Demo limitation - User Management not available)
2025-08-11 11:10:55,021 - test_validate_new_user_in_admin_list: PASSED - Admin section accessed successfully (Demo limitation - User Management not available)
2025-08-11 11:13:02,333 - test_validate_new_user_in_admin_list: FAILED - Message: 
Stacktrace:
	GetHandleVerifier [0x0xdbba83+63395]
	GetHandleVerifier [0x0xdbbac4+63460]
	(No symbol) [0x0xc02113]
	(No symbol) [0x0xc4a85e]
	(No symbol) [0x0xc4abfb]
	(No symbol) [0x0xc92f92]
	(No symbol) [0x0xc6f3f4]
	(No symbol) [0x0xc907ba]
	(No symbol) [0x0xc6f1a6]
	(No symbol) [0x0xc3e7b2]
	(No symbol) [0x0xc3f654]
	GetHandleVerifier [0x0x1038883+2672035]
	GetHandleVerifier [0x0x1033cba+2652634]
	GetHandleVerifier [0x0xde2bca+223466]
	GetHandleVerifier [0x0xdd2cb8+158168]
	GetHandleVerifier [0x0xdd978d+185517]
	GetHandleVerifier [0x0xdc3b78+96408]
	GetHandleVerifier [0x0xdc3d02+96802]
	GetHandleVerifier [0x0xdae90a+9770]
	BaseThreadInitThunk [0x0x763b7ba9+25]
	RtlInitializeExceptionChain [0x0x7764c0cb+107]
	RtlClearBits [0x0x7764c04f+191]

2025-08-11 11:14:17,353 - test_debug_user_creation_page: PASSED - Page structure inspected
2025-08-11 11:16:54,894 - test_validate_new_user_in_admin_list: FAILED - Message: 
Stacktrace:
	GetHandleVerifier [0x0xdbba83+63395]
	GetHandleVerifier [0x0xdbbac4+63460]
	(No symbol) [0x0xc02113]
	(No symbol) [0x0xc4a85e]
	(No symbol) [0x0xc4abfb]
	(No symbol) [0x0xc92f92]
	(No symbol) [0x0xc6f3f4]
	(No symbol) [0x0xc907ba]
	(No symbol) [0x0xc6f1a6]
	(No symbol) [0x0xc3e7b2]
	(No symbol) [0x0xc3f654]
	GetHandleVerifier [0x0x1038883+2672035]
	GetHandleVerifier [0x0x1033cba+2652634]
	GetHandleVerifier [0x0xde2bca+223466]
	GetHandleVerifier [0x0xdd2cb8+158168]
	GetHandleVerifier [0x0xdd978d+185517]
	GetHandleVerifier [0x0xdc3b78+96408]
	GetHandleVerifier [0x0xdc3d02+96802]
	GetHandleVerifier [0x0xdae90a+9770]
	BaseThreadInitThunk [0x0x763b7ba9+25]
	RtlInitializeExceptionChain [0x0x7764c0cb+107]
	RtlClearBits [0x0x7764c04f+191]

2025-08-11 11:18:36,784 - test_validate_new_user_in_admin_list: User created successfully: testuser7j7v
2025-08-11 11:19:22,305 - test_validate_new_user_in_admin_list: PASSED - Admin section accessed successfully (Demo limitation - User Management not available)
2025-08-11 11:20:40,562 - test_validate_new_user_in_admin_list: User created successfully: testuser77e2
2025-08-11 11:21:24,438 - test_validate_new_user_in_admin_list: PASSED - Admin section accessed successfully (Demo limitation - User Management not available)
2025-08-11 11:30:26,233 - test_debug_admin_page_structure: FAILED - HTTPConnectionPool(host='localhost', port=53187): Max retries exceeded with url: /session/151c155674afcd2e782b8653fe039a9a/element (Caused by NewConnectionError('<urllib3.connection.HTTPConnection object at 0x0000018CC4E202B0>: Failed to establish a new connection: [WinError 10061] No connection could be made because the target machine actively refused it'))
2025-08-11 11:54:46,327 - test_validate_new_user_in_admin_list: User created successfully: testuserc7ge
2025-08-11 11:54:49,380 - test_validate_new_user_in_admin_list: PASSED - New user 'testuserc7ge' found in admin list
2025-08-11 11:58:00,483 - test_validate_new_user_in_admin_list: FAILED - Message: 
Stacktrace:
	GetHandleVerifier [0x0xdbba83+63395]
	GetHandleVerifier [0x0xdbbac4+63460]
	(No symbol) [0x0xc02113]
	(No symbol) [0x0xc4a85e]
	(No symbol) [0x0xc4abfb]
	(No symbol) [0x0xc92f92]
	(No symbol) [0x0xc6f3f4]
	(No symbol) [0x0xc907ba]
	(No symbol) [0x0xc6f1a6]
	(No symbol) [0x0xc3e7b2]
	(No symbol) [0x0xc3f654]
	GetHandleVerifier [0x0x1038883+2672035]
	GetHandleVerifier [0x0x1033cba+2652634]
	GetHandleVerifier [0x0xde2bca+223466]
	GetHandleVerifier [0x0xdd2cb8+158168]
	GetHandleVerifier [0x0xdd978d+185517]
	GetHandleVerifier [0x0xdc3b78+96408]
	GetHandleVerifier [0x0xdc3d02+96802]
	GetHandleVerifier [0x0xdae90a+9770]
	BaseThreadInitThunk [0x0x763b7ba9+25]
	RtlInitializeExceptionChain [0x0x7764c0cb+107]
	RtlClearBits [0x0x7764c04f+191]

2025-08-11 12:03:34,068 - test_validate_new_user_in_admin_list: FAILED - User creation failed
2025-08-11 12:05:26,081 - test_validate_new_user_in_admin_list: User created successfully: testusercccr
2025-08-11 12:05:28,426 - test_validate_new_user_in_admin_list: PASSED - New user 'testusercccr' found in admin list
2025-08-11 13:26:23,111 - test_initiate_claim_request: PASSED
2025-08-11 13:27:18,013 - test_assign_leave_to_employee: PASSED (Simulated - PIM accessed)
2025-08-11 13:27:51,844 - test_data_driven_login: FAILED
2025-08-11 13:28:00,010 - test_home_url_accessibility: PASSED
2025-08-11 13:28:08,816 - test_login_page_elements: PASSED
2025-08-11 13:28:29,280 - test_forgot_password_link: PASSED
2025-08-11 13:29:21,968 - test_my_info_menu_items: PASSED
2025-08-11 13:30:14,299 - test_main_menu_items_visibility: FAILED
2025-08-11 13:30:53,449 - test_create_new_user_and_validate_login: PASSED - User created: newusermadhvatestjkpu
2025-08-11 13:30:57,302 - test_create_new_user_and_validate_login: PASSED - New user login successful: newusermadhvatestjkpu
2025-08-11 13:31:37,158 - test_validate_new_user_in_admin_list: User created successfully: testusereaxo
2025-08-11 13:31:39,077 - test_validate_new_user_in_admin_list: PASSED - New user 'testusereaxo' found in admin list
2025-08-11 13:37:40,388 - test_data_driven_login: FAILED
2025-08-11 13:37:48,836 - test_home_url_accessibility: PASSED
2025-08-11 13:37:57,376 - test_login_page_elements: PASSED
2025-08-11 13:38:17,824 - test_forgot_password_link: PASSED
2025-08-11 14:39:03,488 - test_data_driven_login: PASSED
2025-08-11 14:39:12,323 - test_home_url_accessibility: PASSED
2025-08-11 14:39:25,992 - test_login_page_elements: PASSED
2025-08-11 14:39:47,305 - test_forgot_password_link: PASSED
2025-08-11 21:01:41,567 - test_main_menu_items_visibility: FAILED
2025-08-11 21:05:37,995 - test_main_menu_items_visibility: PASSED
2025-08-11 21:07:27,422 - test_initiate_claim_request: PASSED
2025-08-11 21:08:11,235 - test_assign_leave_to_employee: PASSED (Simulated - PIM accessed)
2025-08-11 21:08:52,215 - test_data_driven_login: PASSED
2025-08-11 21:09:01,072 - test_home_url_accessibility: PASSED
2025-08-11 21:09:11,239 - test_login_page_elements: PASSED
2025-08-11 21:09:33,404 - test_forgot_password_link: PASSED
2025-08-11 21:10:17,042 - test_my_info_menu_items: PASSED
2025-08-11 21:10:51,227 - test_main_menu_items_visibility: PASSED
2025-08-11 21:11:54,174 - test_my_info_submenus_presence: FAILED
2025-08-11 21:12:25,811 - test_create_new_user_and_validate_login: PASSED - User created: newusermadhvatest87xm
2025-08-11 21:12:29,945 - test_create_new_user_and_validate_login: PASSED - New user login successful: newusermadhvatest87xm
2025-08-11 21:12:59,495 - test_validate_new_user_in_admin_list: User created successfully: testuserzp2k
2025-08-11 21:13:02,232 - test_validate_new_user_in_admin_list: PASSED - New user 'testuserzp2k' found in admin list
2025-08-11 21:15:00,147 - test_my_info_submenus_presence: PASSED
2025-08-11 21:15:37,029 - test_initiate_claim_request: PASSED
2025-08-11 21:16:22,538 - test_assign_leave_to_employee: PASSED (Simulated - PIM accessed)
2025-08-11 21:17:03,981 - test_data_driven_login: PASSED
2025-08-11 21:17:12,909 - test_home_url_accessibility: PASSED
2025-08-11 21:17:23,868 - test_login_page_elements: PASSED
2025-08-11 21:17:44,858 - test_forgot_password_link: PASSED
2025-08-11 21:18:28,448 - test_my_info_menu_items: PASSED
2025-08-11 21:19:02,710 - test_main_menu_items_visibility: PASSED
2025-08-11 21:19:57,227 - test_my_info_submenus_presence: PASSED
2025-08-11 21:20:26,165 - test_create_new_user_and_validate_login: PASSED - User created: newusermadhvatest36p4
2025-08-11 21:20:29,984 - test_create_new_user_and_validate_login: PASSED - New user login successful: newusermadhvatest36p4
2025-08-11 21:20:59,518 - test_validate_new_user_in_admin_list: User created successfully: testuser5naw
2025-08-11 21:21:02,337 - test_validate_new_user_in_admin_list: PASSED - New user 'testuser5naw' found in admin list
2025-08-13 12:39:44,129 - test_assign_leave_to_employee: FAILED
2025-08-13 12:41:19,428 - test_login_page_elements: PASSED
2025-08-13 12:43:10,283 - test_initiate_claim_request: FAILED
2025-08-13 12:44:22,899 - test_assign_leave_to_employee: FAILED
2025-08-13 12:45:07,892 - test_data_driven_login: FAILED
2025-08-13 12:45:17,057 - test_home_url_accessibility: PASSED
2025-08-13 12:45:27,206 - test_login_page_elements: PASSED
2025-08-13 12:45:48,239 - test_forgot_password_link: PASSED
2025-08-13 12:46:32,399 - test_my_info_menu_items: PASSED
2025-08-13 12:46:56,571 - test_main_menu_items_visibility: PASSED
2025-08-13 12:47:20,616 - test_my_info_submenus_presence: PASSED
2025-08-13 12:47:53,146 - test_create_new_user_and_validate_login: PASSED - User created and logged in: testuserhqsh
2025-08-13 12:48:25,346 - test_validate_new_user_in_admin_list: PASSED - User 'testuseryprv' found in admin list
2025-08-13 12:49:46,615 - test_data_driven_login: PASSED
2025-08-13 13:20:28,601 - test_initiate_claim_request: FAILED
2025-08-13 13:22:54,739 - test_initiate_claim_request: FAILED
2025-08-13 13:32:33,631 - test_initiate_claim_request: FAILED
2025-08-13 13:34:22,128 - test_initiate_claim_request: FAILED
2025-08-13 13:36:12,185 - test_initiate_claim_request: FAILED
2025-08-13 13:37:36,988 - test_initiate_claim_request: FAILED
2025-08-13 13:42:59,210 - test_initiate_claim_request: PASSED
2025-08-13 13:43:43,532 - test_initiate_claim_request: PASSED
2025-08-13 13:44:25,273 - test_initiate_claim_request: PASSED
2025-08-13 14:13:12,215 - test_data_driven_login: PASSED
2025-08-13 14:13:21,382 - test_home_url_accessibility: PASSED
2025-08-13 14:13:30,641 - test_login_page_elements: PASSED
2025-08-13 14:13:53,976 - test_main_menu_items_visibility: PASSED
2025-08-13 14:19:50,017 - test_data_driven_login: PASSED
2025-08-13 14:19:58,787 - test_home_url_accessibility: PASSED
2025-08-13 14:20:07,948 - test_login_page_elements: PASSED
2025-08-13 14:20:28,825 - test_main_menu_items_visibility: PASSED
2025-08-13 14:21:04,253 - test_create_new_user_and_validate_login: PASSED - User created and logged in: testusera02u
2025-08-13 14:21:35,908 - test_validate_new_user_in_admin_list: FAILED - Message: stale element reference: stale element not found in the current frame
  (Session info: chrome=138.0.7204.184); For documentation on this error, please visit: https://www.selenium.dev/documentation/webdriver/troubleshooting/errors#stale-element-reference-exception
Stacktrace:
	GetHandleVerifier [0x0x83ba83+63395]
	GetHandleVerifier [0x0x83bac4+63460]
	(No symbol) [0x0x682113]
	(No symbol) [0x0x6888e9]
	(No symbol) [0x0x68ac7a]
	(No symbol) [0x0x68acf7]
	(No symbol) [0x0x6c558e]
	(No symbol) [0x0x6ef3ac]
	(No symbol) [0x0x6bffa4]
	(No symbol) [0x0x6ef624]
	(No symbol) [0x0x7107ba]
	(No symbol) [0x0x6ef1a6]
	(No symbol) [0x0x6be7b2]
	(No symbol) [0x0x6bf654]
	GetHandleVerifier [0x0xab8883+2672035]
	GetHandleVerifier [0x0xab3cba+2652634]
	GetHandleVerifier [0x0x862bca+223466]
	GetHandleVerifier [0x0x852cb8+158168]
	GetHandleVerifier [0x0x85978d+185517]
	GetHandleVerifier [0x0x843b78+96408]
	GetHandleVerifier [0x0x843d02+96802]
	GetHandleVerifier [0x0x82e90a+9770]
	BaseThreadInitThunk [0x0x75ab7ba9+25]
	RtlInitializeExceptionChain [0x0x7714c0cb+107]
	RtlClearBits [0x0x7714c04f+191]

2025-08-13 14:28:00,439 - test_data_driven_login: PASSED
2025-08-13 14:28:11,492 - test_home_url_accessibility: PASSED
2025-08-13 14:28:21,938 - test_login_page_elements: PASSED
2025-08-13 14:28:43,559 - test_main_menu_items_visibility: PASSED
2025-08-13 14:29:25,569 - test_create_new_user_and_validate_login: PASSED - User created and logged in: testuserwanx
2025-08-13 14:29:58,879 - test_validate_new_user_in_admin_list: PASSED - User 'testuser1l8h' found in admin list
2025-08-13 14:30:21,669 - test_forgot_password_link: PASSED
2025-08-13 14:31:07,311 - test_my_info_menu_items: PASSED
2025-08-13 14:32:11,483 - test_assign_leave_to_employee: FAILED
2025-08-13 14:32:36,929 - test_initiate_claim_request: PASSED
2025-08-13 14:34:41,591 - test_assign_leave_to_employee: FAILED
2025-08-13 14:39:44,229 - test_assign_leave_to_employee: FAILED
2025-08-13 14:45:47,530 - test_assign_leave_to_employee: FAILED
2025-08-13 14:49:08,601 - test_assign_leave_to_employee: FAILED
2025-08-13 14:51:19,573 - test_assign_leave_to_employee: FAILED
2025-08-13 15:01:38,420 - test_assign_leave_to_employee: FAILED
2025-08-13 15:04:33,211 - test_assign_leave_to_employee: FAILED
2025-08-13 16:08:39,452 - test_assign_leave_to_employee: FAILED
2025-08-13 16:31:41,739 - test_assign_leave_to_employee: FAILED - Message: 
Stacktrace:
	GetHandleVerifier [0x0x83ba83+63395]
	GetHandleVerifier [0x0x83bac4+63460]
	(No symbol) [0x0x682113]
	(No symbol) [0x0x6ca85e]
	(No symbol) [0x0x6cabfb]
	(No symbol) [0x0x712f92]
	(No symbol) [0x0x6ef3f4]
	(No symbol) [0x0x7107ba]
	(No symbol) [0x0x6ef1a6]
	(No symbol) [0x0x6be7b2]
	(No symbol) [0x0x6bf654]
	GetHandleVerifier [0x0xab8883+2672035]
	GetHandleVerifier [0x0xab3cba+2652634]
	GetHandleVerifier [0x0x862bca+223466]
	GetHandleVerifier [0x0x852cb8+158168]
	GetHandleVerifier [0x0x85978d+185517]
	GetHandleVerifier [0x0x843b78+96408]
	GetHandleVerifier [0x0x843d02+96802]
	GetHandleVerifier [0x0x82e90a+9770]
	BaseThreadInitThunk [0x0x75ab7ba9+25]
	RtlInitializeExceptionChain [0x0x7714c0cb+107]
	RtlClearBits [0x0x7714c04f+191]

2025-08-13 16:34:49,230 - test_assign_leave_to_employee: FAILED - Message: 
Stacktrace:
	GetHandleVerifier [0x0x83ba83+63395]
	GetHandleVerifier [0x0x83bac4+63460]
	(No symbol) [0x0x682113]
	(No symbol) [0x0x6ca85e]
	(No symbol) [0x0x6cabfb]
	(No symbol) [0x0x712f92]
	(No symbol) [0x0x6ef3f4]
	(No symbol) [0x0x7107ba]
	(No symbol) [0x0x6ef1a6]
	(No symbol) [0x0x6be7b2]
	(No symbol) [0x0x6bf654]
	GetHandleVerifier [0x0xab8883+2672035]
	GetHandleVerifier [0x0xab3cba+2652634]
	GetHandleVerifier [0x0x862bca+223466]
	GetHandleVerifier [0x0x852cb8+158168]
	GetHandleVerifier [0x0x85978d+185517]
	GetHandleVerifier [0x0x843b78+96408]
	GetHandleVerifier [0x0x843d02+96802]
	GetHandleVerifier [0x0x82e90a+9770]
	BaseThreadInitThunk [0x0x75ab7ba9+25]
	RtlInitializeExceptionChain [0x0x7714c0cb+107]
	RtlClearBits [0x0x7714c04f+191]

2025-08-13 16:44:44,185 - test_assign_leave_to_employee: FAILED - Could not click Assign button
assert False
2025-08-13 16:50:49,298 - test_assign_leave_to_employee: FAILED - Message: 
Stacktrace:
	GetHandleVerifier [0x0x83ba83+63395]
	GetHandleVerifier [0x0x83bac4+63460]
	(No symbol) [0x0x682113]
	(No symbol) [0x0x6ca85e]
	(No symbol) [0x0x6cabfb]
	(No symbol) [0x0x712f92]
	(No symbol) [0x0x6ef3f4]
	(No symbol) [0x0x7107ba]
	(No symbol) [0x0x6ef1a6]
	(No symbol) [0x0x6be7b2]
	(No symbol) [0x0x6bf654]
	GetHandleVerifier [0x0xab8883+2672035]
	GetHandleVerifier [0x0xab3cba+2652634]
	GetHandleVerifier [0x0x862bca+223466]
	GetHandleVerifier [0x0x852cb8+158168]
	GetHandleVerifier [0x0x85978d+185517]
	GetHandleVerifier [0x0x843b78+96408]
	GetHandleVerifier [0x0x843d02+96802]
	GetHandleVerifier [0x0x82e90a+9770]
	BaseThreadInitThunk [0x0x75ab7ba9+25]
	RtlInitializeExceptionChain [0x0x7714c0cb+107]
	RtlClearBits [0x0x7714c04f+191]

2025-08-13 17:02:27,751 - test_assign_leave_to_employee: FAILED - Message: 
Stacktrace:
	GetHandleVerifier [0x0x83ba83+63395]
	GetHandleVerifier [0x0x83bac4+63460]
	(No symbol) [0x0x682113]
	(No symbol) [0x0x6ca85e]
	(No symbol) [0x0x6cabfb]
	(No symbol) [0x0x712f92]
	(No symbol) [0x0x6ef3f4]
	(No symbol) [0x0x7107ba]
	(No symbol) [0x0x6ef1a6]
	(No symbol) [0x0x6be7b2]
	(No symbol) [0x0x6bf654]
	GetHandleVerifier [0x0xab8883+2672035]
	GetHandleVerifier [0x0xab3cba+2652634]
	GetHandleVerifier [0x0x862bca+223466]
	GetHandleVerifier [0x0x852cb8+158168]
	GetHandleVerifier [0x0x85978d+185517]
	GetHandleVerifier [0x0x843b78+96408]
	GetHandleVerifier [0x0x843d02+96802]
	GetHandleVerifier [0x0x82e90a+9770]
	BaseThreadInitThunk [0x0x75ab7ba9+25]
	RtlInitializeExceptionChain [0x0x7714c0cb+107]
	RtlClearBits [0x0x7714c04f+191]

2025-08-13 17:04:23,833 - test_assign_leave_to_employee: FAILED - Message: 
Stacktrace:
	GetHandleVerifier [0x0x83ba83+63395]
	GetHandleVerifier [0x0x83bac4+63460]
	(No symbol) [0x0x682113]
	(No symbol) [0x0x6ca85e]
	(No symbol) [0x0x6cabfb]
	(No symbol) [0x0x712f92]
	(No symbol) [0x0x6ef3f4]
	(No symbol) [0x0x7107ba]
	(No symbol) [0x0x6ef1a6]
	(No symbol) [0x0x6be7b2]
	(No symbol) [0x0x6bf654]
	GetHandleVerifier [0x0xab8883+2672035]
	GetHandleVerifier [0x0xab3cba+2652634]
	GetHandleVerifier [0x0x862bca+223466]
	GetHandleVerifier [0x0x852cb8+158168]
	GetHandleVerifier [0x0x85978d+185517]
	GetHandleVerifier [0x0x843b78+96408]
	GetHandleVerifier [0x0x843d02+96802]
	GetHandleVerifier [0x0x82e90a+9770]
	BaseThreadInitThunk [0x0x75ab7ba9+25]
	RtlInitializeExceptionChain [0x0x7714c0cb+107]
	RtlClearBits [0x0x7714c04f+191]

2025-08-13 17:06:15,646 - test_assign_leave_to_employee: PASSED
2025-08-13 17:18:22,811 - test_assign_leave_to_employee: PASSED
2025-08-13 17:23:08,989 - test_assign_leave_to_employee: PASSED
2025-08-13 17:29:39,955 - test_initiate_claim_request: FAILED - Message: 
Stacktrace:
	GetHandleVerifier [0x0x83ba83+63395]
	GetHandleVerifier [0x0x83bac4+63460]
	(No symbol) [0x0x682113]
	(No symbol) [0x0x6ca85e]
	(No symbol) [0x0x6cabfb]
	(No symbol) [0x0x712f92]
	(No symbol) [0x0x6ef3f4]
	(No symbol) [0x0x7107ba]
	(No symbol) [0x0x6ef1a6]
	(No symbol) [0x0x6be7b2]
	(No symbol) [0x0x6bf654]
	GetHandleVerifier [0x0xab8883+2672035]
	GetHandleVerifier [0x0xab3cba+2652634]
	GetHandleVerifier [0x0x862bca+223466]
	GetHandleVerifier [0x0x852cb8+158168]
	GetHandleVerifier [0x0x85978d+185517]
	GetHandleVerifier [0x0x843b78+96408]
	GetHandleVerifier [0x0x843d02+96802]
	GetHandleVerifier [0x0x82e90a+9770]
	BaseThreadInitThunk [0x0x75ab7ba9+25]
	RtlInitializeExceptionChain [0x0x7714c0cb+107]
	RtlClearBits [0x0x7714c04f+191]

2025-08-13 17:34:09,505 - test_initiate_claim_request: PASSED
2025-08-13 17:38:25,156 - test_initiate_claim_request: PASSED
2025-08-14 14:22:23,214 - test_assign_leave_to_employee: FAILED - Assign Leave page failed to load
assert False
 +  where False = is_leave_page_loaded()
 +    where is_leave_page_loaded = <pages.leave_page.LeavePage object at 0x0000014528AF97F0>.is_leave_page_loaded
2025-08-14 14:23:54,040 - test_assign_leave_to_employee: FAILED - Message: 

2025-08-14 14:25:36,279 - test_assign_leave_to_employee: FAILED - Failed to complete Assign Leave form
assert False
2025-08-14 14:31:34,158 - test_assign_leave_to_employee: FAILED - Failed to complete Assign Leave form
assert False
2025-08-14 14:34:04,054 - test_assign_leave_to_employee: FAILED - Failed to complete Assign Leave form
assert False
2025-08-14 14:36:00,498 - test_assign_leave_to_employee: FAILED - Message: 
Stacktrace:
	GetHandleVerifier [0x0xc6ba83+63395]
	GetHandleVerifier [0x0xc6bac4+63460]
	(No symbol) [0x0xab2113]
	(No symbol) [0x0xafa85e]
	(No symbol) [0x0xafabfb]
	(No symbol) [0x0xb42f92]
	(No symbol) [0x0xb1f3f4]
	(No symbol) [0x0xb407ba]
	(No symbol) [0x0xb1f1a6]
	(No symbol) [0x0xaee7b2]
	(No symbol) [0x0xaef654]
	GetHandleVerifier [0x0xee8883+2672035]
	GetHandleVerifier [0x0xee3cba+2652634]
	GetHandleVerifier [0x0xc92bca+223466]
	GetHandleVerifier [0x0xc82cb8+158168]
	GetHandleVerifier [0x0xc8978d+185517]
	GetHandleVerifier [0x0xc73b78+96408]
	GetHandleVerifier [0x0xc73d02+96802]
	GetHandleVerifier [0x0xc5e90a+9770]
	BaseThreadInitThunk [0x0x756a7ba9+25]
	RtlInitializeExceptionChain [0x0x77acc0cb+107]
	RtlClearBits [0x0x77acc04f+191]

2025-08-14 14:39:38,988 - test_assign_leave_to_employee: FAILED - Message: 
Stacktrace:
	GetHandleVerifier [0x0xc6ba83+63395]
	GetHandleVerifier [0x0xc6bac4+63460]
	(No symbol) [0x0xab2113]
	(No symbol) [0x0xafa85e]
	(No symbol) [0x0xafabfb]
	(No symbol) [0x0xb42f92]
	(No symbol) [0x0xb1f3f4]
	(No symbol) [0x0xb407ba]
	(No symbol) [0x0xb1f1a6]
	(No symbol) [0x0xaee7b2]
	(No symbol) [0x0xaef654]
	GetHandleVerifier [0x0xee8883+2672035]
	GetHandleVerifier [0x0xee3cba+2652634]
	GetHandleVerifier [0x0xc92bca+223466]
	GetHandleVerifier [0x0xc82cb8+158168]
	GetHandleVerifier [0x0xc8978d+185517]
	GetHandleVerifier [0x0xc73b78+96408]
	GetHandleVerifier [0x0xc73d02+96802]
	GetHandleVerifier [0x0xc5e90a+9770]
	BaseThreadInitThunk [0x0x756a7ba9+25]
	RtlInitializeExceptionChain [0x0x77acc0cb+107]
	RtlClearBits [0x0x77acc04f+191]

2025-08-14 14:41:46,176 - test_assign_leave_to_employee: FAILED - Message: 
Stacktrace:
	GetHandleVerifier [0x0xc6ba83+63395]
	GetHandleVerifier [0x0xc6bac4+63460]
	(No symbol) [0x0xab2113]
	(No symbol) [0x0xafa85e]
	(No symbol) [0x0xafabfb]
	(No symbol) [0x0xb42f92]
	(No symbol) [0x0xb1f3f4]
	(No symbol) [0x0xb407ba]
	(No symbol) [0x0xb1f1a6]
	(No symbol) [0x0xaee7b2]
	(No symbol) [0x0xaef654]
	GetHandleVerifier [0x0xee8883+2672035]
	GetHandleVerifier [0x0xee3cba+2652634]
	GetHandleVerifier [0x0xc92bca+223466]
	GetHandleVerifier [0x0xc82cb8+158168]
	GetHandleVerifier [0x0xc8978d+185517]
	GetHandleVerifier [0x0xc73b78+96408]
	GetHandleVerifier [0x0xc73d02+96802]
	GetHandleVerifier [0x0xc5e90a+9770]
	BaseThreadInitThunk [0x0x756a7ba9+25]
	RtlInitializeExceptionChain [0x0x77acc0cb+107]
	RtlClearBits [0x0x77acc04f+191]

2025-08-14 14:45:45,061 - test_assign_leave_to_employee: FAILED - Message: 
Stacktrace:
	GetHandleVerifier [0x0xc6ba83+63395]
	GetHandleVerifier [0x0xc6bac4+63460]
	(No symbol) [0x0xab2113]
	(No symbol) [0x0xafa85e]
	(No symbol) [0x0xafabfb]
	(No symbol) [0x0xb42f92]
	(No symbol) [0x0xb1f3f4]
	(No symbol) [0x0xb407ba]
	(No symbol) [0x0xb1f1a6]
	(No symbol) [0x0xaee7b2]
	(No symbol) [0x0xaef654]
	GetHandleVerifier [0x0xee8883+2672035]
	GetHandleVerifier [0x0xee3cba+2652634]
	GetHandleVerifier [0x0xc92bca+223466]
	GetHandleVerifier [0x0xc82cb8+158168]
	GetHandleVerifier [0x0xc8978d+185517]
	GetHandleVerifier [0x0xc73b78+96408]
	GetHandleVerifier [0x0xc73d02+96802]
	GetHandleVerifier [0x0xc5e90a+9770]
	BaseThreadInitThunk [0x0x756a7ba9+25]
	RtlInitializeExceptionChain [0x0x77acc0cb+107]
	RtlClearBits [0x0x77acc04f+191]

2025-08-14 15:06:51,722 - test_initiate_claim_request: PASSED
2025-08-18 16:22:31,210 - test_data_driven_login: PASSED
2025-08-18 16:22:40,241 - test_home_url_accessibility: PASSED
2025-08-18 16:22:49,094 - test_login_page_elements: PASSED
2025-08-18 16:23:10,145 - test_main_menu_items_visibility: PASSED
2025-08-18 16:23:42,120 - test_create_new_user_and_validate_login: PASSED - User created and logged in: testuserslzb
2025-08-18 16:24:13,711 - test_validate_new_user_in_admin_list: PASSED - User 'testuserwc5i' found in admin list
2025-08-18 16:24:35,348 - test_forgot_password_link: PASSED
2025-08-18 16:25:18,107 - test_my_info_menu_items: PASSED
2025-08-18 16:27:02,288 - test_initiate_claim_request: PASSED
2025-08-18 16:32:17,273 - test_data_driven_login: PASSED
2025-08-18 16:32:25,757 - test_home_url_accessibility: PASSED
2025-08-18 16:32:34,517 - test_login_page_elements: PASSED
2025-08-18 16:32:55,298 - test_main_menu_items_visibility: PASSED
2025-08-18 16:33:27,119 - test_create_new_user_and_validate_login: PASSED - User created and logged in: testuser0qyo
2025-08-18 16:33:57,365 - test_validate_new_user_in_admin_list: PASSED - User 'testuserggzl' found in admin list
2025-08-18 16:34:19,040 - test_forgot_password_link: PASSED
2025-08-18 16:35:01,742 - test_my_info_menu_items: PASSED
2025-08-18 16:37:11,165 - test_initiate_claim_request: PASSED
2025-08-19 11:10:08,357 - test_initiate_claim_request: PASSED
2025-08-19 11:11:14,167 - test_initiate_claim_request: PASSED
2025-08-19 11:13:17,255 - test_initiate_claim_request: PASSED
2025-08-19 11:21:54,119 - test_initiate_claim_request: PASSED
2025-08-19 11:51:40,867 - test_initiate_claim_request: FAILED - Employee login failed
assert False
 +  where False = is_dashboard_loaded()
 +    where is_dashboard_loaded = <pages.dashboard_page.DashboardPage object at 0x000002176136D400>.is_dashboard_loaded
2025-08-19 12:08:30,295 - test_initiate_claim_request: FAILED - Submit Claim page did not load
assert False
 +  where False = is_claim_page_loaded()
 +    where is_claim_page_loaded = <pages.claim_page.ClaimPage object at 0x00000217C414BE00>.is_claim_page_loaded
2025-08-19 12:11:38,094 - test_initiate_claim_request: FAILED - Message: 
Stacktrace:
	GetHandleVerifier [0x0xaeba83+63395]
	GetHandleVerifier [0x0xaebac4+63460]
	(No symbol) [0x0x932113]
	(No symbol) [0x0x97a85e]
	(No symbol) [0x0x97abfb]
	(No symbol) [0x0x9c2f92]
	(No symbol) [0x0x99f3f4]
	(No symbol) [0x0x9c07ba]
	(No symbol) [0x0x99f1a6]
	(No symbol) [0x0x96e7b2]
	(No symbol) [0x0x96f654]
	GetHandleVerifier [0x0xd68883+2672035]
	GetHandleVerifier [0x0xd63cba+2652634]
	GetHandleVerifier [0x0xb12bca+223466]
	GetHandleVerifier [0x0xb02cb8+158168]
	GetHandleVerifier [0x0xb0978d+185517]
	GetHandleVerifier [0x0xaf3b78+96408]
	GetHandleVerifier [0x0xaf3d02+96802]
	GetHandleVerifier [0x0xade90a+9770]
	BaseThreadInitThunk [0x0x76bb7ba9+25]
	RtlInitializeExceptionChain [0x0x77cac0cb+107]
	RtlClearBits [0x0x77cac04f+191]

2025-08-19 12:14:46,896 - test_initiate_claim_request: FAILED - Message: 
Stacktrace:
	GetHandleVerifier [0x0xaeba83+63395]
	GetHandleVerifier [0x0xaebac4+63460]
	(No symbol) [0x0x932113]
	(No symbol) [0x0x97a85e]
	(No symbol) [0x0x97abfb]
	(No symbol) [0x0x9c2f92]
	(No symbol) [0x0x99f3f4]
	(No symbol) [0x0x9c07ba]
	(No symbol) [0x0x99f1a6]
	(No symbol) [0x0x96e7b2]
	(No symbol) [0x0x96f654]
	GetHandleVerifier [0x0xd68883+2672035]
	GetHandleVerifier [0x0xd63cba+2652634]
	GetHandleVerifier [0x0xb12bca+223466]
	GetHandleVerifier [0x0xb02cb8+158168]
	GetHandleVerifier [0x0xb0978d+185517]
	GetHandleVerifier [0x0xaf3b78+96408]
	GetHandleVerifier [0x0xaf3d02+96802]
	GetHandleVerifier [0x0xade90a+9770]
	BaseThreadInitThunk [0x0x76bb7ba9+25]
	RtlInitializeExceptionChain [0x0x77cac0cb+107]
	RtlClearBits [0x0x77cac04f+191]

2025-08-19 12:19:14,039 - test_initiate_claim_request: FAILED - Message: 
Stacktrace:
	GetHandleVerifier [0x0xaeba83+63395]
	GetHandleVerifier [0x0xaebac4+63460]
	(No symbol) [0x0x932113]
	(No symbol) [0x0x97a85e]
	(No symbol) [0x0x97abfb]
	(No symbol) [0x0x9c2f92]
	(No symbol) [0x0x99f3f4]
	(No symbol) [0x0x9c07ba]
	(No symbol) [0x0x99f1a6]
	(No symbol) [0x0x96e7b2]
	(No symbol) [0x0x96f654]
	GetHandleVerifier [0x0xd68883+2672035]
	GetHandleVerifier [0x0xd63cba+2652634]
	GetHandleVerifier [0x0xb12bca+223466]
	GetHandleVerifier [0x0xb02cb8+158168]
	GetHandleVerifier [0x0xb0978d+185517]
	GetHandleVerifier [0x0xaf3b78+96408]
	GetHandleVerifier [0x0xaf3d02+96802]
	GetHandleVerifier [0x0xade90a+9770]
	BaseThreadInitThunk [0x0x76bb7ba9+25]
	RtlInitializeExceptionChain [0x0x77cac0cb+107]
	RtlClearBits [0x0x77cac04f+191]

2025-08-19 12:26:27,200 - test_initiate_claim_request: FAILED - Message: 
Stacktrace:
	GetHandleVerifier [0x0xaeba83+63395]
	GetHandleVerifier [0x0xaebac4+63460]
	(No symbol) [0x0x932113]
	(No symbol) [0x0x97a85e]
	(No symbol) [0x0x97abfb]
	(No symbol) [0x0x9c2f92]
	(No symbol) [0x0x99f3f4]
	(No symbol) [0x0x9c07ba]
	(No symbol) [0x0x99f1a6]
	(No symbol) [0x0x96e7b2]
	(No symbol) [0x0x96f654]
	GetHandleVerifier [0x0xd68883+2672035]
	GetHandleVerifier [0x0xd63cba+2652634]
	GetHandleVerifier [0x0xb12bca+223466]
	GetHandleVerifier [0x0xb02cb8+158168]
	GetHandleVerifier [0x0xb0978d+185517]
	GetHandleVerifier [0x0xaf3b78+96408]
	GetHandleVerifier [0x0xaf3d02+96802]
	GetHandleVerifier [0x0xade90a+9770]
	BaseThreadInitThunk [0x0x76bb7ba9+25]
	RtlInitializeExceptionChain [0x0x77cac0cb+107]
	RtlClearBits [0x0x77cac04f+191]

2025-08-19 12:29:50,455 - test_initiate_claim_request: PASSED
2025-08-19 12:30:44,045 - test_initiate_claim_request: PASSED
2025-08-19 12:35:13,466 - test_initiate_claim_request: PASSED
2025-08-19 12:37:26,081 - test_initiate_claim_request: PASSED
2025-08-19 12:38:57,844 - test_data_driven_login: PASSED
2025-08-19 12:39:06,425 - test_home_url_accessibility: PASSED
2025-08-19 12:39:15,741 - test_login_page_elements: PASSED
2025-08-19 12:39:37,239 - test_main_menu_items_visibility: PASSED
2025-08-19 12:40:10,249 - test_create_new_user_and_validate_login: PASSED - User created and logged in: testuserwsug
2025-08-19 12:40:41,273 - test_validate_new_user_in_admin_list: PASSED - User 'testuserwj4b' found in admin list
2025-08-19 12:41:04,495 - test_forgot_password_link: PASSED
2025-08-19 12:41:27,511 - test_my_info_menu_items: PASSED
2025-08-19 12:43:41,457 - test_initiate_claim_request: PASSED
2025-08-19 13:05:00,754 - test_data_driven_login: PASSED
2025-08-19 13:05:09,405 - test_home_url_accessibility: PASSED
2025-08-19 13:05:18,034 - test_login_page_elements: PASSED
2025-08-19 13:05:38,790 - test_main_menu_items_visibility: PASSED
2025-08-19 13:06:12,143 - test_create_new_user_and_validate_login: PASSED - User created and logged in: testuseri6pe
2025-08-19 13:06:43,702 - test_validate_new_user_in_admin_list: PASSED - User 'testuserf7ta' found in admin list
2025-08-19 13:07:06,499 - test_forgot_password_link: PASSED
2025-08-19 13:07:29,803 - test_my_info_menu_items: PASSED
2025-08-19 13:09:51,759 - test_initiate_claim_request: PASSED
